<?xml version="1.0" encoding="utf-8"?><testsuites><testsuite errors="0" failures="0" hostname="ubuntu" name="pytest" skipped="0" tests="3" time="0.366" timestamp="2023-02-28T21:02:31.933793"><testcase classname="examples_rclpy_minimal_action_server.actions.minimal_action_server.test.test_copyright" name="test_copyright" time="0.023"><system-out>No problems found, checked 9 files
</system-out></testcase><testcase classname="examples_rclpy_minimal_action_server.actions.minimal_action_server.test.test_flake8" name="test_flake8" time="0.201"><system-out>
10 files checked
No problems found

Checked files:

* ./setup.py
* ./test/test_flake8.py
* ./test/test_pep257.py
* ./test/test_copyright.py
* ./examples_rclpy_minimal_action_server/server.py
* ./examples_rclpy_minimal_action_server/server_queue_goals.py
* ./examples_rclpy_minimal_action_server/server_defer.py
* ./examples_rclpy_minimal_action_server/server_not_composable.py
* ./examples_rclpy_minimal_action_server/server_single_goal.py
* ./examples_rclpy_minimal_action_server/__init__.py
</system-out></testcase><testcase classname="examples_rclpy_minimal_action_server.actions.minimal_action_server.test.test_pep257" name="test_pep257" time="0.048"><system-out>checking ./examples_rclpy_minimal_action_server/__init__.py
checking ./examples_rclpy_minimal_action_server/server.py
checking ./examples_rclpy_minimal_action_server/server_defer.py
checking ./examples_rclpy_minimal_action_server/server_not_composable.py
checking ./examples_rclpy_minimal_action_server/server_queue_goals.py
checking ./examples_rclpy_minimal_action_server/server_single_goal.py
checking ./setup.py
checking ./test/test_copyright.py
checking ./test/test_flake8.py
checking ./test/test_pep257.py
No problems found
</system-out></testcase></testsuite></testsuites>