Start testing: Feb 28 21:02 PST
----------------------------------------------------------
1/6 Testing: copyright
1/6 Test: copyright
Command: "/usr/bin/python3" "-u" "/opt/ros/foxy/share/ament_cmake_test/cmake/run_test.py" "/home/mayudong/ros2_ws/build/examples_rclcpp_minimal_client/test_results/examples_rclcpp_minimal_client/copyright.xunit.xml" "--package-name" "examples_rclcpp_minimal_client" "--output-file" "/home/mayudong/ros2_ws/build/examples_rclcpp_minimal_client/ament_copyright/copyright.txt" "--command" "/opt/ros/foxy/bin/ament_copyright" "--xunit-file" "/home/mayudong/ros2_ws/build/examples_rclcpp_minimal_client/test_results/examples_rclcpp_minimal_client/copyright.xunit.xml"
Directory: /home/mayudong/ros2_ws/src/examples/rclcpp/services/minimal_client
"copyright" start time: Feb 28 21:02 PST
Output:
----------------------------------------------------------
-- run_test.py: invoking following command in '/home/mayudong/ros2_ws/src/examples/rclcpp/services/minimal_client':
 - /opt/ros/foxy/bin/ament_copyright --xunit-file /home/mayudong/ros2_ws/build/examples_rclcpp_minimal_client/test_results/examples_rclcpp_minimal_client/copyright.xunit.xml
No problems found, checked 1 files
-- run_test.py: return code 0
-- run_test.py: verify result file '/home/mayudong/ros2_ws/build/examples_rclcpp_minimal_client/test_results/examples_rclcpp_minimal_client/copyright.xunit.xml'
<end of output>
Test time =   0.32 sec
----------------------------------------------------------
Test Passed.
"copyright" end time: Feb 28 21:02 PST
"copyright" time elapsed: 00:00:00
----------------------------------------------------------

2/6 Testing: cppcheck
2/6 Test: cppcheck
Command: "/usr/bin/python3" "-u" "/opt/ros/foxy/share/ament_cmake_test/cmake/run_test.py" "/home/mayudong/ros2_ws/build/examples_rclcpp_minimal_client/test_results/examples_rclcpp_minimal_client/cppcheck.xunit.xml" "--package-name" "examples_rclcpp_minimal_client" "--output-file" "/home/mayudong/ros2_ws/build/examples_rclcpp_minimal_client/ament_cppcheck/cppcheck.txt" "--command" "/opt/ros/foxy/bin/ament_cppcheck" "--xunit-file" "/home/mayudong/ros2_ws/build/examples_rclcpp_minimal_client/test_results/examples_rclcpp_minimal_client/cppcheck.xunit.xml"
Directory: /home/mayudong/ros2_ws/src/examples/rclcpp/services/minimal_client
"cppcheck" start time: Feb 28 21:02 PST
Output:
----------------------------------------------------------
-- run_test.py: invoking following command in '/home/mayudong/ros2_ws/src/examples/rclcpp/services/minimal_client':
 - /opt/ros/foxy/bin/ament_cppcheck --xunit-file /home/mayudong/ros2_ws/build/examples_rclcpp_minimal_client/test_results/examples_rclcpp_minimal_client/cppcheck.xunit.xml
No problems found
-- run_test.py: return code 0
-- run_test.py: verify result file '/home/mayudong/ros2_ws/build/examples_rclcpp_minimal_client/test_results/examples_rclcpp_minimal_client/cppcheck.xunit.xml'
<end of output>
Test time =   0.30 sec
----------------------------------------------------------
Test Passed.
"cppcheck" end time: Feb 28 21:02 PST
"cppcheck" time elapsed: 00:00:00
----------------------------------------------------------

3/6 Testing: cpplint
3/6 Test: cpplint
Command: "/usr/bin/python3" "-u" "/opt/ros/foxy/share/ament_cmake_test/cmake/run_test.py" "/home/mayudong/ros2_ws/build/examples_rclcpp_minimal_client/test_results/examples_rclcpp_minimal_client/cpplint.xunit.xml" "--package-name" "examples_rclcpp_minimal_client" "--output-file" "/home/mayudong/ros2_ws/build/examples_rclcpp_minimal_client/ament_cpplint/cpplint.txt" "--command" "/opt/ros/foxy/bin/ament_cpplint" "--xunit-file" "/home/mayudong/ros2_ws/build/examples_rclcpp_minimal_client/test_results/examples_rclcpp_minimal_client/cpplint.xunit.xml"
Directory: /home/mayudong/ros2_ws/src/examples/rclcpp/services/minimal_client
"cpplint" start time: Feb 28 21:02 PST
Output:
----------------------------------------------------------
-- run_test.py: invoking following command in '/home/mayudong/ros2_ws/src/examples/rclcpp/services/minimal_client':
 - /opt/ros/foxy/bin/ament_cpplint --xunit-file /home/mayudong/ros2_ws/build/examples_rclcpp_minimal_client/test_results/examples_rclcpp_minimal_client/cpplint.xunit.xml
Using '--root=..' argument

Done processing /home/mayudong/ros2_ws/src/examples/rclcpp/services/minimal_client/main.cpp

No problems found
-- run_test.py: return code 0
-- run_test.py: verify result file '/home/mayudong/ros2_ws/build/examples_rclcpp_minimal_client/test_results/examples_rclcpp_minimal_client/cpplint.xunit.xml'
<end of output>
Test time =   0.31 sec
----------------------------------------------------------
Test Passed.
"cpplint" end time: Feb 28 21:02 PST
"cpplint" time elapsed: 00:00:00
----------------------------------------------------------

4/6 Testing: lint_cmake
4/6 Test: lint_cmake
Command: "/usr/bin/python3" "-u" "/opt/ros/foxy/share/ament_cmake_test/cmake/run_test.py" "/home/mayudong/ros2_ws/build/examples_rclcpp_minimal_client/test_results/examples_rclcpp_minimal_client/lint_cmake.xunit.xml" "--package-name" "examples_rclcpp_minimal_client" "--output-file" "/home/mayudong/ros2_ws/build/examples_rclcpp_minimal_client/ament_lint_cmake/lint_cmake.txt" "--command" "/opt/ros/foxy/bin/ament_lint_cmake" "--xunit-file" "/home/mayudong/ros2_ws/build/examples_rclcpp_minimal_client/test_results/examples_rclcpp_minimal_client/lint_cmake.xunit.xml"
Directory: /home/mayudong/ros2_ws/src/examples/rclcpp/services/minimal_client
"lint_cmake" start time: Feb 28 21:02 PST
Output:
----------------------------------------------------------
-- run_test.py: invoking following command in '/home/mayudong/ros2_ws/src/examples/rclcpp/services/minimal_client':
 - /opt/ros/foxy/bin/ament_lint_cmake --xunit-file /home/mayudong/ros2_ws/build/examples_rclcpp_minimal_client/test_results/examples_rclcpp_minimal_client/lint_cmake.xunit.xml

No problems found
-- run_test.py: return code 0
-- run_test.py: verify result file '/home/mayudong/ros2_ws/build/examples_rclcpp_minimal_client/test_results/examples_rclcpp_minimal_client/lint_cmake.xunit.xml'
<end of output>
Test time =   0.26 sec
----------------------------------------------------------
Test Passed.
"lint_cmake" end time: Feb 28 21:02 PST
"lint_cmake" time elapsed: 00:00:00
----------------------------------------------------------

5/6 Testing: uncrustify
5/6 Test: uncrustify
Command: "/usr/bin/python3" "-u" "/opt/ros/foxy/share/ament_cmake_test/cmake/run_test.py" "/home/mayudong/ros2_ws/build/examples_rclcpp_minimal_client/test_results/examples_rclcpp_minimal_client/uncrustify.xunit.xml" "--package-name" "examples_rclcpp_minimal_client" "--output-file" "/home/mayudong/ros2_ws/build/examples_rclcpp_minimal_client/ament_uncrustify/uncrustify.txt" "--command" "/opt/ros/foxy/bin/ament_uncrustify" "--xunit-file" "/home/mayudong/ros2_ws/build/examples_rclcpp_minimal_client/test_results/examples_rclcpp_minimal_client/uncrustify.xunit.xml"
Directory: /home/mayudong/ros2_ws/src/examples/rclcpp/services/minimal_client
"uncrustify" start time: Feb 28 21:02 PST
Output:
----------------------------------------------------------
-- run_test.py: invoking following command in '/home/mayudong/ros2_ws/src/examples/rclcpp/services/minimal_client':
 - /opt/ros/foxy/bin/ament_uncrustify --xunit-file /home/mayudong/ros2_ws/build/examples_rclcpp_minimal_client/test_results/examples_rclcpp_minimal_client/uncrustify.xunit.xml
No code style divergence in file 'main.cpp'

No problems found
-- run_test.py: return code 0
-- run_test.py: verify result file '/home/mayudong/ros2_ws/build/examples_rclcpp_minimal_client/test_results/examples_rclcpp_minimal_client/uncrustify.xunit.xml'
<end of output>
Test time =   0.28 sec
----------------------------------------------------------
Test Passed.
"uncrustify" end time: Feb 28 21:02 PST
"uncrustify" time elapsed: 00:00:00
----------------------------------------------------------

6/6 Testing: xmllint
6/6 Test: xmllint
Command: "/usr/bin/python3" "-u" "/opt/ros/foxy/share/ament_cmake_test/cmake/run_test.py" "/home/mayudong/ros2_ws/build/examples_rclcpp_minimal_client/test_results/examples_rclcpp_minimal_client/xmllint.xunit.xml" "--package-name" "examples_rclcpp_minimal_client" "--output-file" "/home/mayudong/ros2_ws/build/examples_rclcpp_minimal_client/ament_xmllint/xmllint.txt" "--command" "/opt/ros/foxy/bin/ament_xmllint" "--xunit-file" "/home/mayudong/ros2_ws/build/examples_rclcpp_minimal_client/test_results/examples_rclcpp_minimal_client/xmllint.xunit.xml"
Directory: /home/mayudong/ros2_ws/src/examples/rclcpp/services/minimal_client
"xmllint" start time: Feb 28 21:02 PST
Output:
----------------------------------------------------------
-- run_test.py: invoking following command in '/home/mayudong/ros2_ws/src/examples/rclcpp/services/minimal_client':
 - /opt/ros/foxy/bin/ament_xmllint --xunit-file /home/mayudong/ros2_ws/build/examples_rclcpp_minimal_client/test_results/examples_rclcpp_minimal_client/xmllint.xunit.xml
File 'package.xml' is valid

No problems found
-- run_test.py: return code 0
-- run_test.py: verify result file '/home/mayudong/ros2_ws/build/examples_rclcpp_minimal_client/test_results/examples_rclcpp_minimal_client/xmllint.xunit.xml'
<end of output>
Test time =   1.12 sec
----------------------------------------------------------
Test Passed.
"xmllint" end time: Feb 28 21:02 PST
"xmllint" time elapsed: 00:00:01
----------------------------------------------------------

End testing: Feb 28 21:02 PST

copyright =   0.32 sec*proc

cppcheck =   0.30 sec*proc

cpplint =   0.31 sec*proc

lint_cmake =   0.26 sec*proc

linter =   2.58 sec*proc

uncrustify =   0.28 sec*proc

xmllint =   1.12 sec*proc

